<?xml version="1.0" encoding="UTF-8"?>
<testsuite xmlns:xsi="http://www.w3.org/2001/XMLSchema-instance" xsi:noNamespaceSchemaLocation="https://maven.apache.org/surefire/maven-surefire-plugin/xsd/surefire-test-report.xsd" version="3.0.2" name="com.evaluacion.intuit.client.application.ClientServiceImplTest" time="1.146" tests="10" errors="0" skipped="0" failures="0">
  <properties>
[...]
</properties>
  <testcase name="create_WithExistingCuit_ShouldThrowOperationNotValidException" classname="com.evaluacion.intuit.client.application.ClientServiceImplTest" time="1.008"/>
  <testcase name="create_WithInvalidCuit_ShouldThrowOperationNotValidException" classname="com.evaluacion.intuit.client.application.ClientServiceImplTest" time="0.022"/>
  <testcase name="findByName_ShouldReturnPagedResults" classname="com.evaluacion.intuit.client.application.ClientServiceImplTest" time="0.036">
    <system-out><![CDATA[10:48:42.817 [main] INFO com.evaluacion.intuit.client.application.ClientServiceImpl -- Clients founded Page 1 of 1 containing com.evaluacion.intuit.client.domain.businessobject.ClientBo instances
]]></system-out>
  </testcase>
  <testcase name="findById_WithNonExistingId_ShouldThrowNotFoundException" classname="com.evaluacion.intuit.client.application.ClientServiceImplTest" time="0.007"/>
  <testcase name="create_WithValidClient_ShouldReturnSavedClient" classname="com.evaluacion.intuit.client.application.ClientServiceImplTest" time="0.013">
    <system-out><![CDATA[10:48:42.860 [main] INFO com.evaluacion.intuit.client.application.ClientServiceImpl -- Client saved successfully with ID 1
]]></system-out>
  </testcase>
  <testcase name="update_WithExistingCuitForDifferentClient_ShouldThrowOperationNotValidException" classname="com.evaluacion.intuit.client.application.ClientServiceImplTest" time="0.005"/>
  <testcase name="findAll_ShouldReturnAllClients" classname="com.evaluacion.intuit.client.application.ClientServiceImplTest" time="0.004"/>
  <testcase name="findById_WithExistingId_ShouldReturnClient" classname="com.evaluacion.intuit.client.application.ClientServiceImplTest" time="0.005"/>
  <testcase name="update_WithNonExistingId_ShouldThrowNotFoundException" classname="com.evaluacion.intuit.client.application.ClientServiceImplTest" time="0.004"/>
  <testcase name="update_WithValidClient_ShouldReturnUpdatedClient" classname="com.evaluacion.intuit.client.application.ClientServiceImplTest" time="0.005">
    <system-out><![CDATA[10:48:42.897 [main] INFO com.evaluacion.intuit.client.application.ClientServiceImpl -- Client updated successfully with ID 1
]]></system-out>
  </testcase>
</testsuite>